<?xml version="1.0" encoding="UTF-8"?>
<!-- Generated by org.testng.reporters.JUnitReportReporter -->
<testsuite hostname="INDRAJIT" failures="0" tests="1" name="com.crm.RequestChaining.PostGetPutAndDeleteTest" time="6.522" errors="0" timestamp="2022-09-06T01:54:31 IST" skipped="0">
  <testcase classname="com.crm.RequestChaining.PostGetPutAndDeleteTest" name="PostGetPutAndDelete" time="6.522"/>
  <system-out/>
</testsuite> <!-- com.crm.RequestChaining.PostGetPutAndDeleteTest -->
