<?xml version="1.0" encoding="UTF-8"?>
<!-- Generated by org.testng.reporters.JUnitReportReporter -->
<testsuite hostname="INDRAJIT" failures="0" tests="1" name="com.crm.CRUDOperationWithBDD.UpdateProjectTest" time="8.162" errors="0" timestamp="2022-09-02T16:05:25 IST" skipped="0">
  <testcase classname="com.crm.CRUDOperationWithBDD.UpdateProjectTest" name="UpdateProject" time="8.162"/>
  <system-out/>
</testsuite> <!-- com.crm.CRUDOperationWithBDD.UpdateProjectTest -->
