<?xml version="1.0" encoding="UTF-8"?>
<!-- Generated by org.testng.reporters.JUnitReportReporter -->
<testsuite hostname="INDRAJIT" failures="0" tests="1" name="com.crm.RequestChaining.GetAndPutTest" time="7.262" errors="0" timestamp="2022-09-06T00:25:17 IST" skipped="0">
  <testcase classname="com.crm.RequestChaining.GetAndPutTest" name="GetAndPut" time="7.262"/>
  <system-out/>
</testsuite> <!-- com.crm.RequestChaining.GetAndPutTest -->
