<?xml version="1.0" encoding="UTF-8"?>
<!-- Generated by org.testng.reporters.JUnitReportReporter -->
<testsuite hostname="INDRAJIT" failures="0" tests="1" name="com.crm.DifferentWaysToPost.AddProjectWithHashMapTest" time="0.091" errors="0" timestamp="2022-09-04T19:08:58 IST" skipped="0">
  <testcase classname="com.crm.DifferentWaysToPost.AddProjectWithHashMapTest" name="Create" time="0.091"/>
  <system-out/>
</testsuite> <!-- com.crm.DifferentWaysToPost.AddProjectWithHashMapTest -->
