<?xml version="1.0" encoding="UTF-8"?>
<!-- Generated by org.testng.reporters.JUnitReportReporter -->
<testsuite hostname="INDRAJIT" failures="0" tests="1" name="com.crm.RequestChaining.RequestChainingUsingPojoClassTest" time="11.804" errors="0" timestamp="2022-09-05T16:18:42 IST" skipped="0">
  <testcase classname="com.crm.RequestChaining.RequestChainingUsingPojoClassTest" name="Requestchng" time="11.804"/>
  <system-out/>
</testsuite> <!-- com.crm.RequestChaining.RequestChainingUsingPojoClassTest -->
