<?xml version="1.0" encoding="UTF-8"?>
<!-- Generated by org.testng.reporters.JUnitReportReporter -->
<testsuite hostname="INDRAJIT" failures="0" tests="1" name="com.crm.ReqresApiTesting.ReqresPostTest" time="13.818" errors="0" timestamp="2022-09-05T11:06:48 IST" skipped="0">
  <testcase classname="com.crm.ReqresApiTesting.ReqresPostTest" name="Create" time="13.818"/>
  <system-out/>
</testsuite> <!-- com.crm.ReqresApiTesting.ReqresPostTest -->
