<?xml version="1.0" encoding="UTF-8"?>
<!-- Generated by org.testng.reporters.JUnitReportReporter -->
<testsuite hostname="INDRAJIT" failures="0" tests="1" name="com.crm.DifferentWaysToPost.AddProjectWithJsonObjectTest" time="5.343" errors="0" timestamp="2022-09-02T17:36:57 IST" skipped="0">
  <testcase classname="com.crm.DifferentWaysToPost.AddProjectWithJsonObjectTest" name="addPeoject" time="5.343"/>
  <system-out/>
</testsuite> <!-- com.crm.DifferentWaysToPost.AddProjectWithJsonObjectTest -->
