<?xml version="1.0" encoding="UTF-8"?>
<!-- Generated by org.testng.reporters.JUnitReportReporter -->
<testsuite hostname="INDRAJIT" failures="0" tests="1" name="com.crm.RequestChaining.PostAndPutTest" time="10.659" errors="0" timestamp="2022-09-05T17:58:40 IST" skipped="0">
  <testcase classname="com.crm.RequestChaining.PostAndPutTest" name="RsqtChngPostNPut" time="10.659"/>
  <system-out/>
</testsuite> <!-- com.crm.RequestChaining.PostAndPutTest -->
