<?xml version="1.0" encoding="UTF-8"?>
<!-- Generated by org.testng.reporters.JUnitReportReporter -->
<testsuite hostname="INDRAJIT" failures="0" tests="1" name="com.crm.DifferentWaysToPost.AddProjectWithPojoClassTest" time="5.828" errors="0" timestamp="2022-09-02T17:11:13 IST" skipped="0">
  <testcase classname="com.crm.DifferentWaysToPost.AddProjectWithPojoClassTest" name="addProject" time="5.828"/>
  <system-out/>
</testsuite> <!-- com.crm.DifferentWaysToPost.AddProjectWithPojoClassTest -->
