<?xml version="1.0" encoding="UTF-8"?>
<!-- Generated by org.testng.reporters.JUnitReportReporter -->
<testsuite hostname="INDRAJIT" failures="0" tests="1" name="com.practice.generic.AddProjectValidateInUIandDBandDeleteTest" time="62.621" errors="0" timestamp="2022-09-07T18:03:59 IST" skipped="0">
  <testcase classname="com.practice.generic.AddProjectValidateInUIandDBandDeleteTest" name="AddProjectValidateInUIandDBandDelete" time="62.621"/>
  <system-out/>
</testsuite> <!-- com.practice.generic.AddProjectValidateInUIandDBandDeleteTest -->
