<?xml version="1.0" encoding="UTF-8"?>
<!-- Generated by org.testng.reporters.JUnitReportReporter -->
<testsuite hostname="INDRAJIT" failures="0" tests="1" name="com.crm.Validation.TimeValidationTest" time="6.207" errors="0" timestamp="2022-09-05T15:28:32 IST" skipped="0">
  <testcase classname="com.crm.Validation.TimeValidationTest" name="Time" time="6.207"/>
  <system-out/>
</testsuite> <!-- com.crm.Validation.TimeValidationTest -->
