<?xml version="1.0" encoding="UTF-8"?>
<!-- Generated by org.testng.reporters.JUnitReportReporter -->
<testsuite hostname="INDRAJIT" failures="0" tests="1" name="com.crm.Parameters.QueryParameterTest" time="5.105" errors="0" timestamp="2022-09-06T12:07:58 IST" skipped="0">
  <testcase classname="com.crm.Parameters.QueryParameterTest" name="queryparameter" time="5.105"/>
  <system-out/>
</testsuite> <!-- com.crm.Parameters.QueryParameterTest -->
