<?xml version="1.0" encoding="UTF-8"?>
<!-- Generated by org.testng.reporters.JUnitReportReporter -->
<testsuite hostname="INDRAJIT" failures="0" tests="1" name="com.crm.Validation.DynamicValidation" time="6.222" errors="0" timestamp="2022-09-05T13:08:17 IST" skipped="0">
  <testcase classname="com.crm.Validation.DynamicValidation" name="GetDynamicresponse" time="6.222"/>
  <system-out/>
</testsuite> <!-- com.crm.Validation.DynamicValidation -->
