<?xml version="1.0" encoding="UTF-8"?>
<!-- Generated by org.testng.reporters.JUnitReportReporter -->
<testsuite hostname="INDRAJIT" failures="0" tests="1" name="com.crm.RequestChaining.GetAndDeleteTest" time="9.023" errors="0" timestamp="2022-09-05T17:45:51 IST" skipped="0">
  <testcase classname="com.crm.RequestChaining.GetAndDeleteTest" name="GetAndDelete" time="9.023"/>
  <system-out/>
</testsuite> <!-- com.crm.RequestChaining.GetAndDeleteTest -->
