<?xml version="1.0" encoding="UTF-8"?>
<!-- Generated by org.testng.reporters.JUnitReportReporter -->
<testsuite hostname="INDRAJIT" failures="0" tests="1" name="com.crm.CRUDOperationWithoutBDD.UpdateprojectTest" time="10.968" errors="0" timestamp="2022-09-01T23:08:24 IST" skipped="0">
  <testcase classname="com.crm.CRUDOperationWithoutBDD.UpdateprojectTest" name="updateProject" time="10.968"/>
  <system-out/>
</testsuite> <!-- com.crm.CRUDOperationWithoutBDD.UpdateprojectTest -->
