<?xml version="1.0" encoding="UTF-8"?>
<!-- Generated by org.testng.reporters.JUnitReportReporter -->
<testsuite hostname="INDRAJIT" failures="0" tests="1" name="com.crm.ReqresApiTesting.ReqresPutTest" time="11.995" errors="0" timestamp="2022-09-05T11:27:52 IST" skipped="0">
  <testcase classname="com.crm.ReqresApiTesting.ReqresPutTest" name="Update" time="11.995"/>
  <system-out/>
</testsuite> <!-- com.crm.ReqresApiTesting.ReqresPutTest -->
