<?xml version="1.0" encoding="UTF-8"?>
<!-- Generated by org.testng.reporters.JUnitReportReporter -->
<testsuite hostname="INDRAJIT" failures="0" tests="1" name="com.crm.Authentication.BasicDigestiveAuthTest" time="8.808" errors="0" timestamp="2022-09-06T12:39:58 IST" skipped="0">
  <testcase classname="com.crm.Authentication.BasicDigestiveAuthTest" name="BasicDigestiveAuth" time="8.808"/>
  <system-out/>
</testsuite> <!-- com.crm.Authentication.BasicDigestiveAuthTest -->
