<?xml version="1.0" encoding="UTF-8"?>
<!-- Generated by org.testng.reporters.JUnitReportReporter -->
<testsuite hostname="INDRAJIT" failures="0" tests="1" name="com.petstore.Assignment.PostPetStoreTest" time="15.004" errors="0" timestamp="2022-09-07T12:50:03 IST" skipped="0">
  <testcase classname="com.petstore.Assignment.PostPetStoreTest" name="postOrder" time="15.004"/>
  <system-out/>
</testsuite> <!-- com.petstore.Assignment.PostPetStoreTest -->
