<?xml version="1.0" encoding="UTF-8"?>
<!-- Generated by org.testng.reporters.JUnitReportReporter -->
<testsuite hostname="INDRAJIT" failures="0" tests="1" name="com.crm.ReqresApiTesting.ReqresPatchTest" time="8.667" errors="0" timestamp="2022-09-05T11:34:26 IST" skipped="0">
  <testcase classname="com.crm.ReqresApiTesting.ReqresPatchTest" name="Patch" time="8.667"/>
  <system-out/>
</testsuite> <!-- com.crm.ReqresApiTesting.ReqresPatchTest -->
