<?xml version="1.0" encoding="UTF-8"?>
<!-- Generated by org.testng.reporters.JUnitReportReporter -->
<testsuite hostname="INDRAJIT" failures="0" tests="1" name="com.crm.CRUDOperationWithoutBDD.ReadSpecificProjectTest" time="6.778" errors="0" timestamp="2022-09-01T22:40:59 IST" skipped="0">
  <testcase classname="com.crm.CRUDOperationWithoutBDD.ReadSpecificProjectTest" name="getSpecificProject" time="6.778"/>
  <system-out/>
</testsuite> <!-- com.crm.CRUDOperationWithoutBDD.ReadSpecificProjectTest -->
