<?xml version="1.0" encoding="UTF-8"?>
<!-- Generated by org.testng.reporters.JUnitReportReporter -->
<testsuite hostname="INDRAJIT" failures="0" tests="1" name="com.crm.CRUDOperationWithoutBDD.ReadProjectTest" time="9.029" errors="0" timestamp="2022-09-01T23:26:42 IST" skipped="0">
  <testcase classname="com.crm.CRUDOperationWithoutBDD.ReadProjectTest" name="getProjects" time="9.029"/>
  <system-out/>
</testsuite> <!-- com.crm.CRUDOperationWithoutBDD.ReadProjectTest -->
