<?xml version="1.0" encoding="UTF-8"?>
<!-- Generated by org.testng.reporters.JUnitReportReporter -->
<testsuite hostname="INDRAJIT" failures="0" tests="1" name="com.crm.RequestChaining.ValidateUserInterfaceUsingHttpMethodsTest" time="25.588" errors="0" timestamp="2022-09-06T03:19:38 IST" skipped="0">
  <testcase classname="com.crm.RequestChaining.ValidateUserInterfaceUsingHttpMethodsTest" name="Validatedatabase" time="25.588"/>
  <system-out/>
</testsuite> <!-- com.crm.RequestChaining.ValidateUserInterfaceUsingHttpMethodsTest -->
