<?xml version="1.0" encoding="UTF-8"?>
<!-- Generated by org.testng.reporters.JUnitReportReporter -->
<testsuite hostname="INDRAJIT" failures="0" tests="1" name="com.crm.CRUDOperationWithBDD.AddProjectTest" time="5.181" errors="0" timestamp="2022-09-02T15:28:43 IST" skipped="0">
  <testcase classname="com.crm.CRUDOperationWithBDD.AddProjectTest" name="Create" time="5.181"/>
  <system-out/>
</testsuite> <!-- com.crm.CRUDOperationWithBDD.AddProjectTest -->
