<?xml version="1.0" encoding="UTF-8"?>
<!-- Generated by org.testng.reporters.JUnitReportReporter -->
<testsuite hostname="INDRAJIT" failures="0" tests="1" name="com.crm.Authentication.BasicPreEmtiveAuthTest" time="5.021" errors="0" timestamp="2022-09-06T12:36:19 IST" skipped="0">
  <testcase classname="com.crm.Authentication.BasicPreEmtiveAuthTest" name="BasicPreEmtive" time="5.021"/>
  <system-out/>
</testsuite> <!-- com.crm.Authentication.BasicPreEmtiveAuthTest -->
