<?xml version="1.0" encoding="UTF-8"?>
<!-- Generated by org.testng.reporters.JUnitReportReporter -->
<testsuite hostname="INDRAJIT" failures="0" tests="1" name="com.crm.ReqresApiTesting.ReqresGetSingleUserTest" time="8.156" errors="0" timestamp="2022-09-05T11:20:53 IST" skipped="0">
  <testcase classname="com.crm.ReqresApiTesting.ReqresGetSingleUserTest" name="GetSingleUser" time="8.156"/>
  <system-out/>
</testsuite> <!-- com.crm.ReqresApiTesting.ReqresGetSingleUserTest -->
