<?xml version="1.0" encoding="UTF-8"?>
<!-- Generated by org.testng.reporters.JUnitReportReporter -->
<testsuite hostname="INDRAJIT" failures="0" tests="1" name="com.crm.CRUDOperationWithBDD.DeleteProjectTest" time="4.571" errors="0" timestamp="2022-09-02T16:13:55 IST" skipped="0">
  <testcase classname="com.crm.CRUDOperationWithBDD.DeleteProjectTest" name="DeleteProject" time="4.571"/>
  <system-out/>
</testsuite> <!-- com.crm.CRUDOperationWithBDD.DeleteProjectTest -->
