<?xml version="1.0" encoding="UTF-8"?>
<!-- Generated by org.testng.reporters.JUnitReportReporter -->
<testsuite hostname="INDRAJIT" failures="0" tests="1" name="com.crm.CRUDOperationWithoutBDD.DeleteProjectTest" time="9.200" errors="0" timestamp="2022-09-02T00:19:08 IST" skipped="0">
  <testcase classname="com.crm.CRUDOperationWithoutBDD.DeleteProjectTest" name="deleteProject" time="9.200"/>
  <system-out/>
</testsuite> <!-- com.crm.CRUDOperationWithoutBDD.DeleteProjectTest -->
