<?xml version="1.0" encoding="UTF-8"?>
<!-- Generated by org.testng.reporters.JUnitReportReporter -->
<testsuite hostname="INDRAJIT" failures="0" tests="1" name="com.crm.Validation.StaticValidation" time="6.353" errors="0" timestamp="2022-09-05T12:56:05 IST" skipped="0">
  <testcase classname="com.crm.Validation.StaticValidation" name="GetStaticResponse" time="6.353"/>
  <system-out/>
</testsuite> <!-- com.crm.Validation.StaticValidation -->
