<?xml version="1.0" encoding="UTF-8"?>
<!-- Generated by org.testng.reporters.JUnitReportReporter -->
<testsuite hostname="INDRAJIT" failures="0" tests="1" name="com.practice.generic.GetProjectAndverifyInDatabase" time="6.389" errors="0" timestamp="2022-09-07T15:46:50 IST" skipped="0">
  <testcase classname="com.practice.generic.GetProjectAndverifyInDatabase" name="getProjectAndVerify" time="6.389"/>
  <system-out/>
</testsuite> <!-- com.practice.generic.GetProjectAndverifyInDatabase -->
