<?xml version="1.0" encoding="UTF-8"?>
<!-- Generated by org.testng.reporters.JUnitReportReporter -->
<testsuite hostname="INDRAJIT" failures="0" tests="1" name="com.practice.generic.UpateProjectTest" time="5.344" errors="0" timestamp="2022-09-08T12:49:59 IST" skipped="0">
  <testcase classname="com.practice.generic.UpateProjectTest" name="update" time="5.344"/>
  <system-out/>
</testsuite> <!-- com.practice.generic.UpateProjectTest -->
