<?xml version="1.0" encoding="UTF-8"?>
<!-- Generated by org.testng.reporters.JUnitReportReporter -->
<testsuite hostname="INDRAJIT" failures="0" tests="1" name="com.crm.Authentication.Oauth2Test" time="14.528" errors="0" timestamp="2022-09-06T15:55:16 IST" skipped="0">
  <testcase classname="com.crm.Authentication.Oauth2Test" name="oauth2" time="14.528"/>
  <system-out/>
</testsuite> <!-- com.crm.Authentication.Oauth2Test -->
