<?xml version="1.0" encoding="UTF-8"?>
<!-- Generated by org.testng.reporters.JUnitReportReporter -->
<testsuite hostname="INDRAJIT" failures="0" tests="1" name="com.crm.CRUDOperationWithBDD.GetAllProjectsTest" time="4.774" errors="0" timestamp="2022-09-02T15:43:05 IST" skipped="0">
  <testcase classname="com.crm.CRUDOperationWithBDD.GetAllProjectsTest" name="ReadAll" time="4.774"/>
  <system-out/>
</testsuite> <!-- com.crm.CRUDOperationWithBDD.GetAllProjectsTest -->
