<?xml version="1.0" encoding="UTF-8"?>
<!-- Generated by org.testng.reporters.JUnitReportReporter -->
<testsuite hostname="INDRAJIT" failures="0" tests="1" name="com.crm.DifferentWaysToPost.AddProjectWithJsonFileTest" time="8.300" errors="0" timestamp="2022-09-03T11:06:54 IST" skipped="0">
  <testcase classname="com.crm.DifferentWaysToPost.AddProjectWithJsonFileTest" name="Create" time="8.300"/>
  <system-out/>
</testsuite> <!-- com.crm.DifferentWaysToPost.AddProjectWithJsonFileTest -->
