<?xml version="1.0" encoding="UTF-8"?>
<!-- Generated by org.testng.reporters.JUnitReportReporter -->
<testsuite hostname="INDRAJIT" failures="0" tests="1" name="com.practice.generic.DeleteProjectTest" time="4.263" errors="0" timestamp="2022-09-08T12:58:39 IST" skipped="0">
  <testcase classname="com.practice.generic.DeleteProjectTest" name="delete" time="4.263"/>
  <system-out/>
</testsuite> <!-- com.practice.generic.DeleteProjectTest -->
