<?xml version="1.0" encoding="UTF-8"?>
<!-- Generated by org.testng.reporters.JUnitReportReporter -->
<testsuite hostname="INDRAJIT" failures="0" tests="4" name="com.crm.PostMultipleDataUsingDataprovider.AddProjectsUsingDataproviderTest" time="8.851" errors="0" timestamp="2022-09-03T12:52:52 IST" skipped="0">
  <testcase classname="com.crm.PostMultipleDataUsingDataprovider.AddProjectsUsingDataproviderTest" name="create" time="0.083"/>
  <system-out/>
  <testcase classname="com.crm.PostMultipleDataUsingDataprovider.AddProjectsUsingDataproviderTest" name="create" time="0.123"/>
  <system-out/>
  <testcase classname="com.crm.PostMultipleDataUsingDataprovider.AddProjectsUsingDataproviderTest" name="create" time="8.575"/>
  <system-out/>
  <testcase classname="com.crm.PostMultipleDataUsingDataprovider.AddProjectsUsingDataproviderTest" name="create" time="0.070"/>
  <system-out/>
</testsuite> <!-- com.crm.PostMultipleDataUsingDataprovider.AddProjectsUsingDataproviderTest -->
