<?xml version="1.0" encoding="UTF-8"?>
<!-- Generated by org.testng.reporters.JUnitReportReporter -->
<testsuite hostname="INDRAJIT" failures="0" tests="1" name="com.crm.ReqresApiTesting.ReqresGetListUserTest" time="7.429" errors="0" timestamp="2022-09-05T11:15:22 IST" skipped="0">
  <testcase classname="com.crm.ReqresApiTesting.ReqresGetListUserTest" name="ReadAll" time="7.429"/>
  <system-out/>
</testsuite> <!-- com.crm.ReqresApiTesting.ReqresGetListUserTest -->
