<?xml version="1.0" encoding="UTF-8"?>
<!-- Generated by org.testng.reporters.JUnitReportReporter -->
<testsuite hostname="INDRAJIT" failures="0" tests="1" name="com.crm.CRUDOperationWithBDD.GetSingleProjectTest" time="8.086" errors="0" timestamp="2022-09-02T15:50:53 IST" skipped="0">
  <testcase classname="com.crm.CRUDOperationWithBDD.GetSingleProjectTest" name="GetSingleProject" time="8.086"/>
  <system-out/>
</testsuite> <!-- com.crm.CRUDOperationWithBDD.GetSingleProjectTest -->
