<?xml version="1.0" encoding="UTF-8"?>
<!-- Generated by org.testng.reporters.JUnitReportReporter -->
<testsuite hostname="INDRAJIT" failures="0" tests="1" name="com.crm.Authentication.BasicAuthTest" time="4.859" errors="0" timestamp="2022-09-06T12:28:10 IST" skipped="0">
  <testcase classname="com.crm.Authentication.BasicAuthTest" name="basicAuth" time="4.859"/>
  <system-out/>
</testsuite> <!-- com.crm.Authentication.BasicAuthTest -->
