<?xml version="1.0" encoding="UTF-8"?>
<!-- Generated by org.testng.reporters.JUnitReportReporter -->
<testsuite hostname="INDRAJIT" failures="0" tests="1" name="com.practice.generic.GetAllProjectsTest" time="13.168" errors="0" timestamp="2022-09-07T15:03:26 IST" skipped="0">
  <testcase classname="com.practice.generic.GetAllProjectsTest" name="getAllProjects" time="13.168"/>
  <system-out/>
</testsuite> <!-- com.practice.generic.GetAllProjectsTest -->
