<?xml version="1.0" encoding="UTF-8"?>
<!-- Generated by org.testng.reporters.JUnitReportReporter -->
<testsuite hostname="INDRAJIT" failures="0" tests="1" name="com.crm.CRUDOperationWithoutBDD.CreateProjectTest" time="6.247" errors="0" timestamp="2022-09-01T16:41:25 IST" skipped="0">
  <testcase classname="com.crm.CRUDOperationWithoutBDD.CreateProjectTest" name="Create" time="6.247"/>
  <system-out/>
</testsuite> <!-- com.crm.CRUDOperationWithoutBDD.CreateProjectTest -->
