<?xml version="1.0" encoding="UTF-8"?>
<!-- Generated by org.testng.reporters.JUnitReportReporter -->
<testsuite hostname="INDRAJIT" failures="0" tests="1" name="com.crm.RequestChaining.ValidateDatabaseUsingRqstChng" time="11.674" errors="0" timestamp="2022-09-06T02:18:51 IST" skipped="0">
  <testcase classname="com.crm.RequestChaining.ValidateDatabaseUsingRqstChng" name="Validatedatabase" time="11.674"/>
  <system-out/>
</testsuite> <!-- com.crm.RequestChaining.ValidateDatabaseUsingRqstChng -->
