<?xml version="1.0" encoding="UTF-8"?>
<!-- Generated by org.testng.reporters.JUnitReportReporter -->
<testsuite hostname="INDRAJIT" failures="0" tests="1" name="com.crm.Authentication.BearerTokenTest" time="11.701" errors="0" timestamp="2022-09-06T13:00:56 IST" skipped="0">
  <testcase classname="com.crm.Authentication.BearerTokenTest" name="BearerToken" time="11.701"/>
  <system-out/>
</testsuite> <!-- com.crm.Authentication.BearerTokenTest -->
