<?xml version="1.0" encoding="UTF-8"?>
<!-- Generated by org.testng.reporters.JUnitReportReporter -->
<testsuite hostname="INDRAJIT" failures="0" tests="1" name="com.practice.generic.PostRequstTest" time="38.086" errors="0" timestamp="2022-09-07T14:53:18 IST" skipped="0">
  <testcase classname="com.practice.generic.PostRequstTest" name="postRequest" time="38.086"/>
  <system-out/>
</testsuite> <!-- com.practice.generic.PostRequstTest -->
