<?xml version="1.0" encoding="UTF-8"?>
<!-- Generated by org.testng.reporters.JUnitReportReporter -->
<testsuite hostname="INDRAJIT" failures="0" tests="1" name="com.crm.Parameters.PathParameterTest" time="4.601" errors="0" timestamp="2022-09-06T12:02:04 IST" skipped="0">
  <testcase classname="com.crm.Parameters.PathParameterTest" name="PathParameter" time="4.601"/>
  <system-out/>
</testsuite> <!-- com.crm.Parameters.PathParameterTest -->
