<?xml version="1.0" encoding="UTF-8"?>
<!-- Generated by org.testng.reporters.JUnitReportReporter -->
<testsuite hostname="INDRAJIT" failures="0" tests="1" name="com.crm.ReqresApiTesting.ReqresDeleteTest" time="5.765" errors="0" timestamp="2022-09-05T11:39:29 IST" skipped="0">
  <testcase classname="com.crm.ReqresApiTesting.ReqresDeleteTest" name="Delete" time="5.765"/>
  <system-out/>
</testsuite> <!-- com.crm.ReqresApiTesting.ReqresDeleteTest -->
